  题三.cpp
D:\Project\algorithm\招行信用卡中心2020\题三\题三.cpp(27): warning C4018: “<”: 有符号/无符号不匹配
D:\Project\algorithm\招行信用卡中心2020\题三\题三.cpp(29): warning C4018: “<”: 有符号/无符号不匹配
D:\Project\algorithm\招行信用卡中心2020\题三\题三.cpp(31): warning C4244: “参数”: 从“_Ty2”转换到“float”，可能丢失数据
          with
          [
              _Ty2=int
          ]
D:\Project\algorithm\招行信用卡中心2020\题三\题三.cpp(31): warning C4244: “参数”: 从“_Ty1”转换到“float”，可能丢失数据
          with
          [
              _Ty1=int
          ]
D:\Project\algorithm\招行信用卡中心2020\题三\题三.cpp(35): warning C4553: “==”: 未使用表达式结果；是否打算使用“=”?
D:\Project\algorithm\招行信用卡中心2020\题三\题三.cpp(39): warning C4018: “<”: 有符号/无符号不匹配
D:\Project\algorithm\招行信用卡中心2020\题三\题三.cpp(45): warning C4553: “==”: 未使用表达式结果；是否打算使用“=”?
D:\Project\algorithm\招行信用卡中心2020\题三\题三.cpp(48): warning C4018: “<”: 有符号/无符号不匹配
D:\Project\algorithm\招行信用卡中心2020\题三\题三.cpp(54): warning C4553: “==”: 未使用表达式结果；是否打算使用“=”?
D:\Project\algorithm\招行信用卡中心2020\题三\题三.cpp(57): warning C4018: “<”: 有符号/无符号不匹配
D:\Project\algorithm\招行信用卡中心2020\题三\题三.cpp(63): warning C4553: “==”: 未使用表达式结果；是否打算使用“=”?
D:\Project\algorithm\招行信用卡中心2020\题三\题三.cpp(66): warning C4018: “<”: 有符号/无符号不匹配
D:\Project\algorithm\招行信用卡中心2020\题三\题三.cpp(72): warning C4553: “==”: 未使用表达式结果；是否打算使用“=”?
D:\Project\algorithm\招行信用卡中心2020\题三\题三.cpp(76): warning C4018: “<”: 有符号/无符号不匹配
D:\Project\algorithm\招行信用卡中心2020\题三\题三.cpp(78): warning C4244: “参数”: 从“_Ty2”转换到“float”，可能丢失数据
          with
          [
              _Ty2=int
          ]
D:\Project\algorithm\招行信用卡中心2020\题三\题三.cpp(78): warning C4244: “参数”: 从“_Ty1”转换到“float”，可能丢失数据
          with
          [
              _Ty1=int
          ]
D:\Project\algorithm\招行信用卡中心2020\题三\题三.cpp(82): warning C4553: “==”: 未使用表达式结果；是否打算使用“=”?
D:\Project\algorithm\招行信用卡中心2020\题三\题三.cpp(85): warning C4018: “<”: 有符号/无符号不匹配
D:\Project\algorithm\招行信用卡中心2020\题三\题三.cpp(87): warning C4244: “参数”: 从“int”转换到“float”，可能丢失数据
D:\Project\algorithm\招行信用卡中心2020\题三\题三.cpp(91): warning C4553: “==”: 未使用表达式结果；是否打算使用“=”?
D:\Project\algorithm\招行信用卡中心2020\题三\题三.cpp(94): warning C4018: “<”: 有符号/无符号不匹配
D:\Project\algorithm\招行信用卡中心2020\题三\题三.cpp(100): warning C4553: “==”: 未使用表达式结果；是否打算使用“=”?
D:\Project\algorithm\招行信用卡中心2020\题三\题三.cpp(103): warning C4018: “<”: 有符号/无符号不匹配
D:\Project\algorithm\招行信用卡中心2020\题三\题三.cpp(109): warning C4553: “==”: 未使用表达式结果；是否打算使用“=”?
D:\Project\algorithm\招行信用卡中心2020\题三\题三.cpp(113): warning C4018: “<”: 有符号/无符号不匹配
D:\Project\algorithm\招行信用卡中心2020\题三\题三.cpp(119): warning C4553: “==”: 未使用表达式结果；是否打算使用“=”?
  题三.vcxproj -> D:\Project\algorithm\招行信用卡中心2020\题三\Debug\题三.exe
